2008.08.05 09:51:58.937 BRT INFO: *** SYSTEM START ***
2008.08.05 09:52:01.703 BRT WARNING: [Local Folder Repository] The specified file must be a directory. (D:\CIn\workspace\eclipseCIn\Speed\plugins\edu.stanford.smi.protegex.owl) -- LocalFolderRepository.update()
2008.08.05 09:52:01.890 BRT INFO: Loading triples -- ProtegeOWLParser.loadTriples()
2008.08.05 09:52:02.203 BRT INFO: Start processing ontology: http://dummy-ontologies.com/dummy.owl Time: Tue Aug 05 09:52:02 BRT 2008 -- ProtegeOWLParser.loadTriples()
2008.08.05 09:52:02.593 BRT INFO: [ProtegeOWLParser] Completed triple loading after 390 ms -- ProtegeOWLParser.loadTriples()
2008.08.05 09:52:02.609 BRT INFO: [TripleChangePostProcessor] Completed lists after 0 ms -- TripleChangePostProcessor.log()
2008.08.05 09:52:02.609 BRT INFO: [TripleChangePostProcessor] Completed anonymous classes after 0 ms -- TripleChangePostProcessor.log()
2008.08.05 09:52:02.625 BRT INFO: [TripleChangePostProcessor] Completed deprecated classes after 16 ms -- TripleChangePostProcessor.log()
2008.08.05 09:52:02.625 BRT INFO: [TripleChangePostProcessor] Completed properties after 0 ms -- TripleChangePostProcessor.log()
2008.08.05 09:52:02.640 BRT INFO: [TripleChangePostProcessor] Completed named classes after 15 ms -- TripleChangePostProcessor.log()
2008.08.05 09:52:02.640 BRT INFO: ... Loading completed after 437 ms -- ProtegeOWLParser.loadTriples()
2008.08.05 09:52:03.000 BRT WARNING: [Local Folder Repository] The specified file must be a directory. (D:\CIn\workspace\eclipseCIn\Speed\plugins\edu.stanford.smi.protegex.owl) -- LocalFolderRepository.update()
2008.08.05 09:52:03.000 BRT INFO: Loading triples -- ProtegeOWLParser.loadTriples()
2008.08.05 09:52:03.015 BRT INFO: Start processing ontology: http://dummy-ontologies.com/dummy.owl Time: Tue Aug 05 09:52:03 BRT 2008 -- ProtegeOWLParser.loadTriples()
2008.08.05 09:52:03.093 BRT INFO: [ProtegeOWLParser] Completed triple loading after 78 ms -- ProtegeOWLParser.loadTriples()
2008.08.05 09:52:03.093 BRT INFO: [TripleChangePostProcessor] Completed lists after 0 ms -- TripleChangePostProcessor.log()
2008.08.05 09:52:03.093 BRT INFO: [TripleChangePostProcessor] Completed anonymous classes after 0 ms -- TripleChangePostProcessor.log()
2008.08.05 09:52:03.093 BRT INFO: [TripleChangePostProcessor] Completed deprecated classes after 0 ms -- TripleChangePostProcessor.log()
2008.08.05 09:52:03.109 BRT INFO: [TripleChangePostProcessor] Completed properties after 16 ms -- TripleChangePostProcessor.log()
2008.08.05 09:52:03.109 BRT INFO: [TripleChangePostProcessor] Completed named classes after 0 ms -- TripleChangePostProcessor.log()
2008.08.05 09:52:03.109 BRT INFO: ... Loading completed after 94 ms -- ProtegeOWLParser.loadTriples()
2008.08.05 09:52:04.218 BRT WARNING: [Local Folder Repository] The specified file must be a directory. (D:\CIn\workspace\eclipseCIn\Speed\plugins\edu.stanford.smi.protegex.owl) -- LocalFolderRepository.update()
2008.08.05 09:52:04.234 BRT INFO: Loading triples -- ProtegeOWLParser.loadTriples()
2008.08.05 09:52:04.234 BRT INFO: Start processing ontology: http://dummy-ontologies.com/dummy.owl Time: Tue Aug 05 09:52:04 BRT 2008 -- ProtegeOWLParser.loadTriples()
2008.08.05 09:52:04.250 BRT INFO: [ProtegeOWLParser] Completed triple loading after 16 ms -- ProtegeOWLParser.loadTriples()
2008.08.05 09:52:04.250 BRT INFO: [TripleChangePostProcessor] Completed lists after 0 ms -- TripleChangePostProcessor.log()
2008.08.05 09:52:04.250 BRT INFO: [TripleChangePostProcessor] Completed anonymous classes after 0 ms -- TripleChangePostProcessor.log()
2008.08.05 09:52:04.265 BRT INFO: [TripleChangePostProcessor] Completed deprecated classes after 0 ms -- TripleChangePostProcessor.log()
2008.08.05 09:52:04.265 BRT INFO: [TripleChangePostProcessor] Completed properties after 0 ms -- TripleChangePostProcessor.log()
2008.08.05 09:52:04.265 BRT INFO: [TripleChangePostProcessor] Completed named classes after 0 ms -- TripleChangePostProcessor.log()
2008.08.05 09:52:04.265 BRT INFO: ... Loading completed after 31 ms -- ProtegeOWLParser.loadTriples()
2008.08.05 09:52:04.609 BRT WARNING: [Local Folder Repository] The specified file must be a directory. (D:\CIn\workspace\eclipseCIn\Speed\plugins\edu.stanford.smi.protegex.owl) -- LocalFolderRepository.update()
2008.08.05 09:52:04.609 BRT INFO: Loading triples -- ProtegeOWLParser.loadTriples()
2008.08.05 09:52:04.625 BRT INFO: Start processing ontology: http://dummy-ontologies.com/dummy.owl Time: Tue Aug 05 09:52:04 BRT 2008 -- ProtegeOWLParser.loadTriples()
2008.08.05 09:52:04.640 BRT INFO: [ProtegeOWLParser] Completed triple loading after 15 ms -- ProtegeOWLParser.loadTriples()
2008.08.05 09:52:04.656 BRT INFO: [TripleChangePostProcessor] Completed lists after 0 ms -- TripleChangePostProcessor.log()
2008.08.05 09:52:04.656 BRT INFO: [TripleChangePostProcessor] Completed anonymous classes after 0 ms -- TripleChangePostProcessor.log()
2008.08.05 09:52:04.656 BRT INFO: [TripleChangePostProcessor] Completed deprecated classes after 0 ms -- TripleChangePostProcessor.log()
2008.08.05 09:52:04.656 BRT INFO: [TripleChangePostProcessor] Completed properties after 0 ms -- TripleChangePostProcessor.log()
2008.08.05 09:52:04.656 BRT INFO: [TripleChangePostProcessor] Completed named classes after 0 ms -- TripleChangePostProcessor.log()
2008.08.05 09:52:04.656 BRT INFO: ... Loading completed after 31 ms -- ProtegeOWLParser.loadTriples()
2008.08.16 16:24:29.406 BRT INFO: *** SYSTEM START ***
2008.08.16 16:24:31.765 BRT WARNING: [Local Folder Repository] The specified file must be a directory. (D:\CIn\workspace\eclipseCIn\Speed\plugins\edu.stanford.smi.protegex.owl) -- LocalFolderRepository.update()
2008.08.16 16:24:31.843 BRT INFO: Loading triples -- ProtegeOWLParser.loadTriples()
2008.08.16 16:24:32.250 BRT INFO: Start processing ontology: http://dummy-ontologies.com/dummy.owl Time: Sat Aug 16 16:24:32 BRT 2008 -- ProtegeOWLParser.loadTriples()
2008.08.16 16:24:32.671 BRT INFO: [ProtegeOWLParser] Completed triple loading after 421 ms -- ProtegeOWLParser.loadTriples()
2008.08.16 16:24:32.671 BRT INFO: [TripleChangePostProcessor] Completed lists after 0 ms -- TripleChangePostProcessor.log()
2008.08.16 16:24:32.687 BRT INFO: [TripleChangePostProcessor] Completed anonymous classes after 16 ms -- TripleChangePostProcessor.log()
2008.08.16 16:24:32.687 BRT INFO: [TripleChangePostProcessor] Completed deprecated classes after 0 ms -- TripleChangePostProcessor.log()
2008.08.16 16:24:32.703 BRT INFO: [TripleChangePostProcessor] Completed properties after 16 ms -- TripleChangePostProcessor.log()
2008.08.16 16:24:32.703 BRT INFO: [TripleChangePostProcessor] Completed named classes after 0 ms -- TripleChangePostProcessor.log()
2008.08.16 16:24:32.703 BRT INFO: ... Loading completed after 453 ms -- ProtegeOWLParser.loadTriples()
2008.08.16 16:24:33.250 BRT WARNING: [Local Folder Repository] The specified file must be a directory. (D:\CIn\workspace\eclipseCIn\Speed\plugins\edu.stanford.smi.protegex.owl) -- LocalFolderRepository.update()
2008.08.16 16:24:33.265 BRT INFO: Loading triples -- ProtegeOWLParser.loadTriples()
2008.08.16 16:24:33.265 BRT INFO: Start processing ontology: http://dummy-ontologies.com/dummy.owl Time: Sat Aug 16 16:24:33 BRT 2008 -- ProtegeOWLParser.loadTriples()
2008.08.16 16:24:33.421 BRT INFO: [ProtegeOWLParser] Completed triple loading after 156 ms -- ProtegeOWLParser.loadTriples()
2008.08.16 16:24:33.437 BRT INFO: [TripleChangePostProcessor] Completed lists after 16 ms -- TripleChangePostProcessor.log()
2008.08.16 16:24:33.437 BRT INFO: [TripleChangePostProcessor] Completed anonymous classes after 0 ms -- TripleChangePostProcessor.log()
2008.08.16 16:24:33.437 BRT INFO: [TripleChangePostProcessor] Completed deprecated classes after 0 ms -- TripleChangePostProcessor.log()
2008.08.16 16:24:33.437 BRT INFO: [TripleChangePostProcessor] Completed properties after 0 ms -- TripleChangePostProcessor.log()
2008.08.16 16:24:33.625 BRT INFO: [TripleChangePostProcessor] Completed named classes after 0 ms -- TripleChangePostProcessor.log()
2008.08.16 16:24:33.640 BRT INFO: ... Loading completed after 375 ms -- ProtegeOWLParser.loadTriples()
2008.08.16 16:24:34.578 BRT WARNING: [Local Folder Repository] The specified file must be a directory. (D:\CIn\workspace\eclipseCIn\Speed\plugins\edu.stanford.smi.protegex.owl) -- LocalFolderRepository.update()
2008.08.16 16:24:34.578 BRT INFO: Loading triples -- ProtegeOWLParser.loadTriples()
2008.08.16 16:24:34.578 BRT INFO: Start processing ontology: http://dummy-ontologies.com/dummy.owl Time: Sat Aug 16 16:24:34 BRT 2008 -- ProtegeOWLParser.loadTriples()
2008.08.16 16:24:34.609 BRT INFO: [ProtegeOWLParser] Completed triple loading after 31 ms -- ProtegeOWLParser.loadTriples()
2008.08.16 16:24:34.625 BRT INFO: [TripleChangePostProcessor] Completed lists after 0 ms -- TripleChangePostProcessor.log()
2008.08.16 16:24:34.625 BRT INFO: [TripleChangePostProcessor] Completed anonymous classes after 0 ms -- TripleChangePostProcessor.log()
2008.08.16 16:24:34.625 BRT INFO: [TripleChangePostProcessor] Completed deprecated classes after 0 ms -- TripleChangePostProcessor.log()
2008.08.16 16:24:34.625 BRT INFO: [TripleChangePostProcessor] Completed properties after 0 ms -- TripleChangePostProcessor.log()
2008.08.16 16:24:34.671 BRT INFO: [TripleChangePostProcessor] Completed named classes after 0 ms -- TripleChangePostProcessor.log()
2008.08.16 16:24:34.671 BRT INFO: ... Loading completed after 93 ms -- ProtegeOWLParser.loadTriples()
2008.08.16 16:24:35.031 BRT WARNING: [Local Folder Repository] The specified file must be a directory. (D:\CIn\workspace\eclipseCIn\Speed\plugins\edu.stanford.smi.protegex.owl) -- LocalFolderRepository.update()
2008.08.16 16:24:35.031 BRT INFO: Loading triples -- ProtegeOWLParser.loadTriples()
2008.08.16 16:24:35.046 BRT INFO: Start processing ontology: http://dummy-ontologies.com/dummy.owl Time: Sat Aug 16 16:24:35 BRT 2008 -- ProtegeOWLParser.loadTriples()
2008.08.16 16:24:35.093 BRT INFO: [ProtegeOWLParser] Completed triple loading after 62 ms -- ProtegeOWLParser.loadTriples()
2008.08.16 16:24:35.125 BRT INFO: [TripleChangePostProcessor] Completed lists after 0 ms -- TripleChangePostProcessor.log()
2008.08.16 16:24:35.140 BRT INFO: [TripleChangePostProcessor] Completed anonymous classes after 0 ms -- TripleChangePostProcessor.log()
2008.08.16 16:24:35.140 BRT INFO: [TripleChangePostProcessor] Completed deprecated classes after 0 ms -- TripleChangePostProcessor.log()
2008.08.16 16:24:35.140 BRT INFO: [TripleChangePostProcessor] Completed properties after 0 ms -- TripleChangePostProcessor.log()
2008.08.16 16:24:35.140 BRT INFO: [TripleChangePostProcessor] Completed named classes after 0 ms -- TripleChangePostProcessor.log()
2008.08.16 16:24:35.140 BRT INFO: ... Loading completed after 109 ms -- ProtegeOWLParser.loadTriples()
2008.08.18 14:18:58.017 GMT-03:00 INFO: *** SYSTEM START ***
2008.08.18 14:18:59.345 GMT-03:00 WARNING: [Local Folder Repository] The specified file must be a directory. (C:\THIAGOP\workspace\Speed\plugins\edu.stanford.smi.protegex.owl) -- LocalFolderRepository.update()
2008.08.18 14:18:59.392 GMT-03:00 INFO: Loading triples -- ProtegeOWLParser.loadTriples()
2008.08.18 14:18:59.548 GMT-03:00 INFO: Start processing ontology: http://dummy-ontologies.com/dummy.owl Time: Mon Aug 18 14:18:59 GMT-03:00 2008 -- ProtegeOWLParser.loadTriples()
2008.08.18 14:18:59.704 GMT-03:00 INFO: [ProtegeOWLParser] Completed triple loading after 156 ms -- ProtegeOWLParser.loadTriples()
2008.08.18 14:18:59.720 GMT-03:00 INFO: [TripleChangePostProcessor] Completed lists after 0 ms -- TripleChangePostProcessor.log()
2008.08.18 14:18:59.720 GMT-03:00 INFO: [TripleChangePostProcessor] Completed anonymous classes after 0 ms -- TripleChangePostProcessor.log()
2008.08.18 14:18:59.720 GMT-03:00 INFO: [TripleChangePostProcessor] Completed deprecated classes after 0 ms -- TripleChangePostProcessor.log()
2008.08.18 14:18:59.735 GMT-03:00 INFO: [TripleChangePostProcessor] Completed properties after 15 ms -- TripleChangePostProcessor.log()
2008.08.18 14:18:59.735 GMT-03:00 INFO: [TripleChangePostProcessor] Completed named classes after 0 ms -- TripleChangePostProcessor.log()
2008.08.18 14:18:59.735 GMT-03:00 INFO: ... Loading completed after 187 ms -- ProtegeOWLParser.loadTriples()
2008.08.18 14:19:00.095 GMT-03:00 WARNING: [Local Folder Repository] The specified file must be a directory. (C:\THIAGOP\workspace\Speed\plugins\edu.stanford.smi.protegex.owl) -- LocalFolderRepository.update()
2008.08.18 14:19:00.095 GMT-03:00 INFO: Loading triples -- ProtegeOWLParser.loadTriples()
2008.08.18 14:19:00.095 GMT-03:00 INFO: Start processing ontology: http://dummy-ontologies.com/dummy.owl Time: Mon Aug 18 14:19:00 GMT-03:00 2008 -- ProtegeOWLParser.loadTriples()
2008.08.18 14:19:00.188 GMT-03:00 INFO: [ProtegeOWLParser] Completed triple loading after 93 ms -- ProtegeOWLParser.loadTriples()
2008.08.18 14:19:00.188 GMT-03:00 INFO: [TripleChangePostProcessor] Completed lists after 0 ms -- TripleChangePostProcessor.log()
2008.08.18 14:19:00.204 GMT-03:00 INFO: [TripleChangePostProcessor] Completed anonymous classes after 16 ms -- TripleChangePostProcessor.log()
2008.08.18 14:19:00.204 GMT-03:00 INFO: [TripleChangePostProcessor] Completed deprecated classes after 0 ms -- TripleChangePostProcessor.log()
2008.08.18 14:19:00.204 GMT-03:00 INFO: [TripleChangePostProcessor] Completed properties after 0 ms -- TripleChangePostProcessor.log()
2008.08.18 14:19:00.204 GMT-03:00 INFO: [TripleChangePostProcessor] Completed named classes after 0 ms -- TripleChangePostProcessor.log()
2008.08.18 14:19:00.204 GMT-03:00 INFO: ... Loading completed after 109 ms -- ProtegeOWLParser.loadTriples()
2008.08.18 14:19:00.532 GMT-03:00 WARNING: [Local Folder Repository] The specified file must be a directory. (C:\THIAGOP\workspace\Speed\plugins\edu.stanford.smi.protegex.owl) -- LocalFolderRepository.update()
2008.08.18 14:19:00.532 GMT-03:00 INFO: Loading triples -- ProtegeOWLParser.loadTriples()
2008.08.18 14:19:00.532 GMT-03:00 INFO: Start processing ontology: http://dummy-ontologies.com/dummy.owl Time: Mon Aug 18 14:19:00 GMT-03:00 2008 -- ProtegeOWLParser.loadTriples()
2008.08.18 14:19:00.563 GMT-03:00 INFO: [ProtegeOWLParser] Completed triple loading after 31 ms -- ProtegeOWLParser.loadTriples()
2008.08.18 14:19:00.563 GMT-03:00 INFO: [TripleChangePostProcessor] Completed lists after 0 ms -- TripleChangePostProcessor.log()
2008.08.18 14:19:00.563 GMT-03:00 INFO: [TripleChangePostProcessor] Completed anonymous classes after 0 ms -- TripleChangePostProcessor.log()
2008.08.18 14:19:00.563 GMT-03:00 INFO: [TripleChangePostProcessor] Completed deprecated classes after 0 ms -- TripleChangePostProcessor.log()
2008.08.18 14:19:00.563 GMT-03:00 INFO: [TripleChangePostProcessor] Completed properties after 0 ms -- TripleChangePostProcessor.log()
2008.08.18 14:19:00.563 GMT-03:00 INFO: [TripleChangePostProcessor] Completed named classes after 0 ms -- TripleChangePostProcessor.log()
2008.08.18 14:19:00.563 GMT-03:00 INFO: ... Loading completed after 31 ms -- ProtegeOWLParser.loadTriples()
2008.08.18 14:19:00.813 GMT-03:00 WARNING: [Local Folder Repository] The specified file must be a directory. (C:\THIAGOP\workspace\Speed\plugins\edu.stanford.smi.protegex.owl) -- LocalFolderRepository.update()
2008.08.18 14:19:00.829 GMT-03:00 INFO: Loading triples -- ProtegeOWLParser.loadTriples()
2008.08.18 14:19:00.829 GMT-03:00 INFO: Start processing ontology: http://dummy-ontologies.com/dummy.owl Time: Mon Aug 18 14:19:00 GMT-03:00 2008 -- ProtegeOWLParser.loadTriples()
2008.08.18 14:19:00.860 GMT-03:00 INFO: [ProtegeOWLParser] Completed triple loading after 31 ms -- ProtegeOWLParser.loadTriples()
2008.08.18 14:19:00.876 GMT-03:00 INFO: [TripleChangePostProcessor] Completed lists after 0 ms -- TripleChangePostProcessor.log()
2008.08.18 14:19:00.876 GMT-03:00 INFO: [TripleChangePostProcessor] Completed anonymous classes after 0 ms -- TripleChangePostProcessor.log()
2008.08.18 14:19:00.876 GMT-03:00 INFO: [TripleChangePostProcessor] Completed deprecated classes after 0 ms -- TripleChangePostProcessor.log()
2008.08.18 14:19:00.876 GMT-03:00 INFO: [TripleChangePostProcessor] Completed properties after 0 ms -- TripleChangePostProcessor.log()
2008.08.18 14:19:00.891 GMT-03:00 INFO: [TripleChangePostProcessor] Completed named classes after 15 ms -- TripleChangePostProcessor.log()
2008.08.18 14:19:00.891 GMT-03:00 INFO: ... Loading completed after 62 ms -- ProtegeOWLParser.loadTriples()
2008.08.26 08:39:51.421 BRT INFO: *** SYSTEM START ***
2008.08.26 08:39:53.656 BRT WARNING: [Local Folder Repository] The specified file must be a directory. (D:\CIn\workspace\eclipseCIn\Speed\plugins\edu.stanford.smi.protegex.owl) -- LocalFolderRepository.update()
2008.08.26 08:39:53.687 BRT INFO: Loading triples -- ProtegeOWLParser.loadTriples()
2008.08.26 08:39:53.875 BRT INFO: Start processing ontology: http://dummy-ontologies.com/dummy.owl Time: Tue Aug 26 08:39:53 BRT 2008 -- ProtegeOWLParser.loadTriples()
2008.08.26 08:39:54.078 BRT INFO: [ProtegeOWLParser] Completed triple loading after 203 ms -- ProtegeOWLParser.loadTriples()
2008.08.26 08:39:54.093 BRT INFO: [TripleChangePostProcessor] Completed lists after 0 ms -- TripleChangePostProcessor.log()
2008.08.26 08:39:54.093 BRT INFO: [TripleChangePostProcessor] Completed anonymous classes after 0 ms -- TripleChangePostProcessor.log()
2008.08.26 08:39:54.093 BRT INFO: [TripleChangePostProcessor] Completed deprecated classes after 0 ms -- TripleChangePostProcessor.log()
2008.08.26 08:39:54.109 BRT INFO: [TripleChangePostProcessor] Completed properties after 0 ms -- TripleChangePostProcessor.log()
2008.08.26 08:39:54.109 BRT INFO: [TripleChangePostProcessor] Completed named classes after 0 ms -- TripleChangePostProcessor.log()
2008.08.26 08:39:54.125 BRT INFO: ... Loading completed after 250 ms -- ProtegeOWLParser.loadTriples()
2008.08.26 08:39:54.453 BRT WARNING: [Local Folder Repository] The specified file must be a directory. (D:\CIn\workspace\eclipseCIn\Speed\plugins\edu.stanford.smi.protegex.owl) -- LocalFolderRepository.update()
2008.08.26 08:39:54.453 BRT INFO: Loading triples -- ProtegeOWLParser.loadTriples()
2008.08.26 08:39:54.468 BRT INFO: Start processing ontology: http://dummy-ontologies.com/dummy.owl Time: Tue Aug 26 08:39:54 BRT 2008 -- ProtegeOWLParser.loadTriples()
2008.08.26 08:39:54.765 BRT INFO: [ProtegeOWLParser] Completed triple loading after 312 ms -- ProtegeOWLParser.loadTriples()
2008.08.26 08:39:54.765 BRT INFO: [TripleChangePostProcessor] Completed lists after 0 ms -- TripleChangePostProcessor.log()
2008.08.26 08:39:54.781 BRT INFO: [TripleChangePostProcessor] Completed anonymous classes after 16 ms -- TripleChangePostProcessor.log()
2008.08.26 08:39:54.781 BRT INFO: [TripleChangePostProcessor] Completed deprecated classes after 0 ms -- TripleChangePostProcessor.log()
2008.08.26 08:39:54.781 BRT INFO: [TripleChangePostProcessor] Completed properties after 0 ms -- TripleChangePostProcessor.log()
2008.08.26 08:39:54.781 BRT INFO: [TripleChangePostProcessor] Completed named classes after 0 ms -- TripleChangePostProcessor.log()
2008.08.26 08:39:54.781 BRT INFO: ... Loading completed after 328 ms -- ProtegeOWLParser.loadTriples()
2008.08.26 08:39:55.515 BRT WARNING: [Local Folder Repository] The specified file must be a directory. (D:\CIn\workspace\eclipseCIn\Speed\plugins\edu.stanford.smi.protegex.owl) -- LocalFolderRepository.update()
2008.08.26 08:39:55.515 BRT INFO: Loading triples -- ProtegeOWLParser.loadTriples()
2008.08.26 08:39:55.515 BRT INFO: Start processing ontology: http://dummy-ontologies.com/dummy.owl Time: Tue Aug 26 08:39:55 BRT 2008 -- ProtegeOWLParser.loadTriples()
2008.08.26 08:39:55.546 BRT INFO: [ProtegeOWLParser] Completed triple loading after 31 ms -- ProtegeOWLParser.loadTriples()
2008.08.26 08:39:55.562 BRT INFO: [TripleChangePostProcessor] Completed lists after 0 ms -- TripleChangePostProcessor.log()
2008.08.26 08:39:55.562 BRT INFO: [TripleChangePostProcessor] Completed anonymous classes after 0 ms -- TripleChangePostProcessor.log()
2008.08.26 08:39:55.562 BRT INFO: [TripleChangePostProcessor] Completed deprecated classes after 0 ms -- TripleChangePostProcessor.log()
2008.08.26 08:39:55.562 BRT INFO: [TripleChangePostProcessor] Completed properties after 0 ms -- TripleChangePostProcessor.log()
2008.08.26 08:39:55.671 BRT INFO: [TripleChangePostProcessor] Completed named classes after 0 ms -- TripleChangePostProcessor.log()
2008.08.26 08:39:55.671 BRT INFO: ... Loading completed after 156 ms -- ProtegeOWLParser.loadTriples()
2008.08.26 08:39:56.000 BRT WARNING: [Local Folder Repository] The specified file must be a directory. (D:\CIn\workspace\eclipseCIn\Speed\plugins\edu.stanford.smi.protegex.owl) -- LocalFolderRepository.update()
2008.08.26 08:39:56.000 BRT INFO: Loading triples -- ProtegeOWLParser.loadTriples()
2008.08.26 08:39:56.000 BRT INFO: Start processing ontology: http://dummy-ontologies.com/dummy.owl Time: Tue Aug 26 08:39:56 BRT 2008 -- ProtegeOWLParser.loadTriples()
2008.08.26 08:39:56.109 BRT INFO: [ProtegeOWLParser] Completed triple loading after 109 ms -- ProtegeOWLParser.loadTriples()
2008.08.26 08:39:56.109 BRT INFO: [TripleChangePostProcessor] Completed lists after 0 ms -- TripleChangePostProcessor.log()
2008.08.26 08:39:56.125 BRT INFO: [TripleChangePostProcessor] Completed anonymous classes after 0 ms -- TripleChangePostProcessor.log()
2008.08.26 08:39:56.125 BRT INFO: [TripleChangePostProcessor] Completed deprecated classes after 0 ms -- TripleChangePostProcessor.log()
2008.08.26 08:39:56.125 BRT INFO: [TripleChangePostProcessor] Completed properties after 0 ms -- TripleChangePostProcessor.log()
2008.08.26 08:39:56.125 BRT INFO: [TripleChangePostProcessor] Completed named classes after 0 ms -- TripleChangePostProcessor.log()
2008.08.26 08:39:56.140 BRT INFO: ... Loading completed after 140 ms -- ProtegeOWLParser.loadTriples()
2008.08.26 08:46:53.062 BRT INFO: *** SYSTEM START ***
2008.08.26 08:46:57.171 BRT WARNING: [Local Folder Repository] The specified file must be a directory. (D:\CIn\workspace\eclipseCIn\Speed\plugins\edu.stanford.smi.protegex.owl) -- LocalFolderRepository.update()
2008.08.26 08:46:57.234 BRT INFO: Loading triples -- ProtegeOWLParser.loadTriples()
2008.08.26 08:46:57.531 BRT INFO: Start processing ontology: http://dummy-ontologies.com/dummy.owl Time: Tue Aug 26 08:46:57 BRT 2008 -- ProtegeOWLParser.loadTriples()
2008.08.26 08:46:57.890 BRT INFO: [ProtegeOWLParser] Completed triple loading after 359 ms -- ProtegeOWLParser.loadTriples()
2008.08.26 08:46:57.906 BRT INFO: [TripleChangePostProcessor] Completed lists after 0 ms -- TripleChangePostProcessor.log()
2008.08.26 08:46:57.921 BRT INFO: [TripleChangePostProcessor] Completed anonymous classes after 15 ms -- TripleChangePostProcessor.log()
2008.08.26 08:46:57.921 BRT INFO: [TripleChangePostProcessor] Completed deprecated classes after 0 ms -- TripleChangePostProcessor.log()
2008.08.26 08:46:57.937 BRT INFO: [TripleChangePostProcessor] Completed properties after 16 ms -- TripleChangePostProcessor.log()
2008.08.26 08:46:57.953 BRT INFO: [TripleChangePostProcessor] Completed named classes after 16 ms -- TripleChangePostProcessor.log()
2008.08.26 08:46:57.953 BRT INFO: ... Loading completed after 422 ms -- ProtegeOWLParser.loadTriples()
2008.08.26 08:46:58.531 BRT WARNING: [Local Folder Repository] The specified file must be a directory. (D:\CIn\workspace\eclipseCIn\Speed\plugins\edu.stanford.smi.protegex.owl) -- LocalFolderRepository.update()
2008.08.26 08:46:58.546 BRT INFO: Loading triples -- ProtegeOWLParser.loadTriples()
2008.08.26 08:46:58.546 BRT INFO: Start processing ontology: http://dummy-ontologies.com/dummy.owl Time: Tue Aug 26 08:46:58 BRT 2008 -- ProtegeOWLParser.loadTriples()
2008.08.26 08:46:58.687 BRT INFO: [ProtegeOWLParser] Completed triple loading after 141 ms -- ProtegeOWLParser.loadTriples()
2008.08.26 08:46:58.703 BRT INFO: [TripleChangePostProcessor] Completed lists after 0 ms -- TripleChangePostProcessor.log()
2008.08.26 08:46:58.703 BRT INFO: [TripleChangePostProcessor] Completed anonymous classes after 0 ms -- TripleChangePostProcessor.log()
2008.08.26 08:46:58.703 BRT INFO: [TripleChangePostProcessor] Completed deprecated classes after 0 ms -- TripleChangePostProcessor.log()
2008.08.26 08:46:58.703 BRT INFO: [TripleChangePostProcessor] Completed properties after 0 ms -- TripleChangePostProcessor.log()
2008.08.26 08:46:58.781 BRT INFO: [TripleChangePostProcessor] Completed named classes after 0 ms -- TripleChangePostProcessor.log()
2008.08.26 08:46:58.781 BRT INFO: ... Loading completed after 235 ms -- ProtegeOWLParser.loadTriples()
2008.08.26 08:46:59.390 BRT WARNING: [Local Folder Repository] The specified file must be a directory. (D:\CIn\workspace\eclipseCIn\Speed\plugins\edu.stanford.smi.protegex.owl) -- LocalFolderRepository.update()
2008.08.26 08:46:59.390 BRT INFO: Loading triples -- ProtegeOWLParser.loadTriples()
2008.08.26 08:46:59.406 BRT INFO: Start processing ontology: http://dummy-ontologies.com/dummy.owl Time: Tue Aug 26 08:46:59 BRT 2008 -- ProtegeOWLParser.loadTriples()
2008.08.26 08:46:59.437 BRT INFO: [ProtegeOWLParser] Completed triple loading after 31 ms -- ProtegeOWLParser.loadTriples()
2008.08.26 08:46:59.453 BRT INFO: [TripleChangePostProcessor] Completed lists after 0 ms -- TripleChangePostProcessor.log()
2008.08.26 08:46:59.625 BRT INFO: [TripleChangePostProcessor] Completed anonymous classes after 0 ms -- TripleChangePostProcessor.log()
2008.08.26 08:46:59.640 BRT INFO: [TripleChangePostProcessor] Completed deprecated classes after 15 ms -- TripleChangePostProcessor.log()
2008.08.26 08:46:59.640 BRT INFO: [TripleChangePostProcessor] Completed properties after 0 ms -- TripleChangePostProcessor.log()
2008.08.26 08:46:59.640 BRT INFO: [TripleChangePostProcessor] Completed named classes after 0 ms -- TripleChangePostProcessor.log()
2008.08.26 08:46:59.640 BRT INFO: ... Loading completed after 234 ms -- ProtegeOWLParser.loadTriples()
2008.08.26 08:47:00.031 BRT WARNING: [Local Folder Repository] The specified file must be a directory. (D:\CIn\workspace\eclipseCIn\Speed\plugins\edu.stanford.smi.protegex.owl) -- LocalFolderRepository.update()
2008.08.26 08:47:00.031 BRT INFO: Loading triples -- ProtegeOWLParser.loadTriples()
2008.08.26 08:47:00.046 BRT INFO: Start processing ontology: http://dummy-ontologies.com/dummy.owl Time: Tue Aug 26 08:47:00 BRT 2008 -- ProtegeOWLParser.loadTriples()
2008.08.26 08:47:00.093 BRT INFO: [ProtegeOWLParser] Completed triple loading after 47 ms -- ProtegeOWLParser.loadTriples()
2008.08.26 08:47:00.187 BRT INFO: [TripleChangePostProcessor] Completed lists after 0 ms -- TripleChangePostProcessor.log()
2008.08.26 08:47:00.187 BRT INFO: [TripleChangePostProcessor] Completed anonymous classes after 0 ms -- TripleChangePostProcessor.log()
2008.08.26 08:47:00.187 BRT INFO: [TripleChangePostProcessor] Completed deprecated classes after 0 ms -- TripleChangePostProcessor.log()
2008.08.26 08:47:00.187 BRT INFO: [TripleChangePostProcessor] Completed properties after 0 ms -- TripleChangePostProcessor.log()
2008.08.26 08:47:00.187 BRT INFO: [TripleChangePostProcessor] Completed named classes after 0 ms -- TripleChangePostProcessor.log()
2008.08.26 08:47:00.187 BRT INFO: ... Loading completed after 141 ms -- ProtegeOWLParser.loadTriples()
2008.08.26 09:00:23.250 BRT INFO: *** SYSTEM START ***
2008.08.26 09:00:27.468 BRT WARNING: [Local Folder Repository] The specified file must be a directory. (D:\CIn\workspace\eclipseCIn\Speed\plugins\edu.stanford.smi.protegex.owl) -- LocalFolderRepository.update()
2008.08.26 09:00:27.593 BRT INFO: Loading triples -- ProtegeOWLParser.loadTriples()
2008.08.26 09:00:27.968 BRT INFO: Start processing ontology: http://dummy-ontologies.com/dummy.owl Time: Tue Aug 26 09:00:27 BRT 2008 -- ProtegeOWLParser.loadTriples()
2008.08.26 09:00:29.640 BRT INFO: [ProtegeOWLParser] Completed triple loading after 1672 ms -- ProtegeOWLParser.loadTriples()
2008.08.26 09:00:29.796 BRT INFO: [TripleChangePostProcessor] Completed lists after 0 ms -- TripleChangePostProcessor.log()
2008.08.26 09:00:29.812 BRT INFO: [TripleChangePostProcessor] Completed anonymous classes after 16 ms -- TripleChangePostProcessor.log()
2008.08.26 09:00:29.812 BRT INFO: [TripleChangePostProcessor] Completed deprecated classes after 0 ms -- TripleChangePostProcessor.log()
2008.08.26 09:00:29.843 BRT INFO: [TripleChangePostProcessor] Completed properties after 15 ms -- TripleChangePostProcessor.log()
2008.08.26 09:00:29.859 BRT INFO: [TripleChangePostProcessor] Completed named classes after 16 ms -- TripleChangePostProcessor.log()
2008.08.26 09:00:29.859 BRT INFO: ... Loading completed after 1891 ms -- ProtegeOWLParser.loadTriples()
2008.08.26 09:00:30.281 BRT WARNING: [Local Folder Repository] The specified file must be a directory. (D:\CIn\workspace\eclipseCIn\Speed\plugins\edu.stanford.smi.protegex.owl) -- LocalFolderRepository.update()
2008.08.26 09:00:30.296 BRT INFO: Loading triples -- ProtegeOWLParser.loadTriples()
2008.08.26 09:00:30.296 BRT INFO: Start processing ontology: http://dummy-ontologies.com/dummy.owl Time: Tue Aug 26 09:00:30 BRT 2008 -- ProtegeOWLParser.loadTriples()
2008.08.26 09:00:30.390 BRT INFO: [ProtegeOWLParser] Completed triple loading after 94 ms -- ProtegeOWLParser.loadTriples()
2008.08.26 09:00:30.406 BRT INFO: [TripleChangePostProcessor] Completed lists after 0 ms -- TripleChangePostProcessor.log()
2008.08.26 09:00:30.406 BRT INFO: [TripleChangePostProcessor] Completed anonymous classes after 0 ms -- TripleChangePostProcessor.log()
2008.08.26 09:00:30.406 BRT INFO: [TripleChangePostProcessor] Completed deprecated classes after 0 ms -- TripleChangePostProcessor.log()
2008.08.26 09:00:30.406 BRT INFO: [TripleChangePostProcessor] Completed properties after 0 ms -- TripleChangePostProcessor.log()
2008.08.26 09:00:30.453 BRT INFO: [TripleChangePostProcessor] Completed named classes after 0 ms -- TripleChangePostProcessor.log()
2008.08.26 09:00:30.453 BRT INFO: ... Loading completed after 157 ms -- ProtegeOWLParser.loadTriples()
2008.08.26 09:00:31.453 BRT WARNING: [Local Folder Repository] The specified file must be a directory. (D:\CIn\workspace\eclipseCIn\Speed\plugins\edu.stanford.smi.protegex.owl) -- LocalFolderRepository.update()
2008.08.26 09:00:31.468 BRT INFO: Loading triples -- ProtegeOWLParser.loadTriples()
2008.08.26 09:00:31.468 BRT INFO: Start processing ontology: http://dummy-ontologies.com/dummy.owl Time: Tue Aug 26 09:00:31 BRT 2008 -- ProtegeOWLParser.loadTriples()
2008.08.26 09:00:31.500 BRT INFO: [ProtegeOWLParser] Completed triple loading after 32 ms -- ProtegeOWLParser.loadTriples()
2008.08.26 09:00:31.515 BRT INFO: [TripleChangePostProcessor] Completed lists after 0 ms -- TripleChangePostProcessor.log()
2008.08.26 09:00:31.515 BRT INFO: [TripleChangePostProcessor] Completed anonymous classes after 0 ms -- TripleChangePostProcessor.log()
2008.08.26 09:00:31.515 BRT INFO: [TripleChangePostProcessor] Completed deprecated classes after 0 ms -- TripleChangePostProcessor.log()
2008.08.26 09:00:31.515 BRT INFO: [TripleChangePostProcessor] Completed properties after 0 ms -- TripleChangePostProcessor.log()
2008.08.26 09:00:31.546 BRT INFO: [TripleChangePostProcessor] Completed named classes after 16 ms -- TripleChangePostProcessor.log()
2008.08.26 09:00:31.546 BRT INFO: ... Loading completed after 78 ms -- ProtegeOWLParser.loadTriples()
2008.08.26 09:00:31.703 BRT WARNING: [Local Folder Repository] The specified file must be a directory. (D:\CIn\workspace\eclipseCIn\Speed\plugins\edu.stanford.smi.protegex.owl) -- LocalFolderRepository.update()
2008.08.26 09:00:31.703 BRT INFO: Loading triples -- ProtegeOWLParser.loadTriples()
2008.08.26 09:00:31.718 BRT INFO: Start processing ontology: http://dummy-ontologies.com/dummy.owl Time: Tue Aug 26 09:00:31 BRT 2008 -- ProtegeOWLParser.loadTriples()
2008.08.26 09:00:31.765 BRT INFO: [ProtegeOWLParser] Completed triple loading after 47 ms -- ProtegeOWLParser.loadTriples()
2008.08.26 09:00:31.765 BRT INFO: [TripleChangePostProcessor] Completed lists after 0 ms -- TripleChangePostProcessor.log()
2008.08.26 09:00:31.781 BRT INFO: [TripleChangePostProcessor] Completed anonymous classes after 0 ms -- TripleChangePostProcessor.log()
2008.08.26 09:00:31.781 BRT INFO: [TripleChangePostProcessor] Completed deprecated classes after 0 ms -- TripleChangePostProcessor.log()
2008.08.26 09:00:31.781 BRT INFO: [TripleChangePostProcessor] Completed properties after 0 ms -- TripleChangePostProcessor.log()
2008.08.26 09:00:31.781 BRT INFO: [TripleChangePostProcessor] Completed named classes after 0 ms -- TripleChangePostProcessor.log()
2008.08.26 09:00:31.781 BRT INFO: ... Loading completed after 63 ms -- ProtegeOWLParser.loadTriples()
2008.10.24 10:43:28.860 GMT-03:00 INFO: *** SYSTEM START ***
2008.10.24 10:43:30.579 GMT-03:00 INFO: Loading triples -- ProtegeOWLParser.loadTriples()
2008.10.24 10:43:30.719 GMT-03:00 INFO: Start processing ontology: http://dummy-ontologies.com/dummy.owl Time: Fri Oct 24 10:43:30 GMT-03:00 2008 -- ProtegeOWLParser.loadTriples()
2008.10.24 10:43:31.032 GMT-03:00 INFO: [ProtegeOWLParser] Completed triple loading after 313 ms -- ProtegeOWLParser.loadTriples()
2008.10.24 10:43:31.047 GMT-03:00 INFO: [TripleChangePostProcessor] Completed lists after 0 ms -- TripleChangePostProcessor.log()
2008.10.24 10:43:31.063 GMT-03:00 INFO: [TripleChangePostProcessor] Completed anonymous classes after 16 ms -- TripleChangePostProcessor.log()
2008.10.24 10:43:31.063 GMT-03:00 INFO: [TripleChangePostProcessor] Completed deprecated classes after 0 ms -- TripleChangePostProcessor.log()
2008.10.24 10:43:31.094 GMT-03:00 INFO: [TripleChangePostProcessor] Completed properties after 31 ms -- TripleChangePostProcessor.log()
2008.10.24 10:43:31.094 GMT-03:00 INFO: [TripleChangePostProcessor] Completed named classes after 0 ms -- TripleChangePostProcessor.log()
2008.10.24 10:43:31.094 GMT-03:00 INFO: ... Loading completed after 375 ms -- ProtegeOWLParser.loadTriples()
2008.10.24 10:43:31.501 GMT-03:00 INFO: Loading triples -- ProtegeOWLParser.loadTriples()
2008.10.24 10:43:31.501 GMT-03:00 INFO: Start processing ontology: http://dummy-ontologies.com/dummy.owl Time: Fri Oct 24 10:43:31 GMT-03:00 2008 -- ProtegeOWLParser.loadTriples()
2008.10.24 10:43:31.516 GMT-03:00 INFO: [ProtegeOWLParser] Completed triple loading after 15 ms -- ProtegeOWLParser.loadTriples()
2008.10.24 10:43:31.516 GMT-03:00 INFO: [TripleChangePostProcessor] Completed lists after 0 ms -- TripleChangePostProcessor.log()
2008.10.24 10:43:31.516 GMT-03:00 INFO: [TripleChangePostProcessor] Completed anonymous classes after 0 ms -- TripleChangePostProcessor.log()
2008.10.24 10:43:31.516 GMT-03:00 INFO: [TripleChangePostProcessor] Completed deprecated classes after 0 ms -- TripleChangePostProcessor.log()
2008.10.24 10:43:31.516 GMT-03:00 INFO: [TripleChangePostProcessor] Completed properties after 0 ms -- TripleChangePostProcessor.log()
2008.10.24 10:43:31.516 GMT-03:00 INFO: [TripleChangePostProcessor] Completed named classes after 0 ms -- TripleChangePostProcessor.log()
2008.10.24 10:43:31.532 GMT-03:00 INFO: ... Loading completed after 31 ms -- ProtegeOWLParser.loadTriples()
2015.01.16 16:19:41.462 BRT INFO: *** SYSTEM START ***
2015.01.16 16:19:41.908 BRT INFO: Loading triples -- ProtegeOWLParser.loadTriples()
2015.01.16 16:19:41.912 BRT INFO: Start processing ontology: http://dummy-ontologies.com/dummy.owl Time: Fri Jan 16 16:19:41 BRT 2015 -- ProtegeOWLParser.loadTriples()
2015.01.16 16:19:41.925 BRT INFO: [ProtegeOWLParser] Completed triple loading after 13 ms -- ProtegeOWLParser.loadTriples()
2015.01.16 16:19:41.929 BRT INFO: [TripleChangePostProcessor] Completed lists after 0 ms -- TripleChangePostProcessor.log()
2015.01.16 16:19:41.931 BRT INFO: [TripleChangePostProcessor] Completed anonymous classes after 2 ms -- TripleChangePostProcessor.log()
2015.01.16 16:19:41.932 BRT INFO: [TripleChangePostProcessor] Completed deprecated classes after 1 ms -- TripleChangePostProcessor.log()
2015.01.16 16:19:41.936 BRT INFO: [TripleChangePostProcessor] Completed properties after 4 ms -- TripleChangePostProcessor.log()
2015.01.16 16:19:41.938 BRT INFO: [TripleChangePostProcessor] Completed named classes after 2 ms -- TripleChangePostProcessor.log()
2015.01.16 16:19:41.939 BRT INFO: ... Loading completed after 27 ms -- ProtegeOWLParser.loadTriples()
2015.01.16 16:19:41.993 BRT INFO: Loading triples -- ProtegeOWLParser.loadTriples()
2015.01.16 16:19:41.994 BRT INFO: Start processing ontology: http://dummy-ontologies.com/dummy.owl Time: Fri Jan 16 16:19:41 BRT 2015 -- ProtegeOWLParser.loadTriples()
2015.01.16 16:19:42.003 BRT INFO: [ProtegeOWLParser] Completed triple loading after 9 ms -- ProtegeOWLParser.loadTriples()
2015.01.16 16:19:42.005 BRT INFO: [TripleChangePostProcessor] Completed lists after 0 ms -- TripleChangePostProcessor.log()
2015.01.16 16:19:42.006 BRT INFO: [TripleChangePostProcessor] Completed anonymous classes after 1 ms -- TripleChangePostProcessor.log()
2015.01.16 16:19:42.006 BRT INFO: [TripleChangePostProcessor] Completed deprecated classes after 0 ms -- TripleChangePostProcessor.log()
2015.01.16 16:19:42.007 BRT INFO: [TripleChangePostProcessor] Completed properties after 1 ms -- TripleChangePostProcessor.log()
2015.01.16 16:19:42.007 BRT INFO: [TripleChangePostProcessor] Completed named classes after 0 ms -- TripleChangePostProcessor.log()
2015.01.16 16:19:42.008 BRT INFO: ... Loading completed after 14 ms -- ProtegeOWLParser.loadTriples()
2015.01.16 16:20:23.068 BRT INFO: Loading triples -- ProtegeOWLParser.loadTriples()
2015.01.16 16:20:23.070 BRT INFO: Start processing ontology: http://dummy-ontologies.com/dummy.owl Time: Fri Jan 16 16:20:23 BRT 2015 -- ProtegeOWLParser.loadTriples()
2015.01.16 16:20:23.074 BRT INFO: [ProtegeOWLParser] Completed triple loading after 5 ms -- ProtegeOWLParser.loadTriples()
2015.01.16 16:20:23.077 BRT INFO: [TripleChangePostProcessor] Completed lists after 0 ms -- TripleChangePostProcessor.log()
2015.01.16 16:20:23.077 BRT INFO: [TripleChangePostProcessor] Completed anonymous classes after 0 ms -- TripleChangePostProcessor.log()
2015.01.16 16:20:23.078 BRT INFO: [TripleChangePostProcessor] Completed deprecated classes after 0 ms -- TripleChangePostProcessor.log()
2015.01.16 16:20:23.079 BRT INFO: [TripleChangePostProcessor] Completed properties after 1 ms -- TripleChangePostProcessor.log()
2015.01.16 16:20:23.080 BRT INFO: [TripleChangePostProcessor] Completed named classes after 1 ms -- TripleChangePostProcessor.log()
2015.01.16 16:20:23.080 BRT INFO: ... Loading completed after 11 ms -- ProtegeOWLParser.loadTriples()
2015.01.16 16:20:23.209 BRT INFO: Loading triples -- ProtegeOWLParser.loadTriples()
2015.01.16 16:20:23.211 BRT INFO: Start processing ontology: http://dummy-ontologies.com/dummy.owl Time: Fri Jan 16 16:20:23 BRT 2015 -- ProtegeOWLParser.loadTriples()
2015.01.16 16:20:23.216 BRT INFO: [ProtegeOWLParser] Completed triple loading after 6 ms -- ProtegeOWLParser.loadTriples()
2015.01.16 16:20:23.218 BRT INFO: [TripleChangePostProcessor] Completed lists after 0 ms -- TripleChangePostProcessor.log()
2015.01.16 16:20:23.219 BRT INFO: [TripleChangePostProcessor] Completed anonymous classes after 0 ms -- TripleChangePostProcessor.log()
2015.01.16 16:20:23.219 BRT INFO: [TripleChangePostProcessor] Completed deprecated classes after 0 ms -- TripleChangePostProcessor.log()
2015.01.16 16:20:23.220 BRT INFO: [TripleChangePostProcessor] Completed properties after 1 ms -- TripleChangePostProcessor.log()
2015.01.16 16:20:23.221 BRT INFO: [TripleChangePostProcessor] Completed named classes after 1 ms -- TripleChangePostProcessor.log()
2015.01.16 16:20:23.222 BRT INFO: ... Loading completed after 12 ms -- ProtegeOWLParser.loadTriples()
2015.01.16 16:20:38.846 BRT INFO: Loading triples -- ProtegeOWLParser.loadTriples()
2015.01.16 16:20:38.847 BRT INFO: Start processing ontology: http://dummy-ontologies.com/dummy.owl Time: Fri Jan 16 16:20:38 BRT 2015 -- ProtegeOWLParser.loadTriples()
2015.01.16 16:20:38.850 BRT INFO: [ProtegeOWLParser] Completed triple loading after 3 ms -- ProtegeOWLParser.loadTriples()
2015.01.16 16:20:38.851 BRT INFO: [TripleChangePostProcessor] Completed lists after 0 ms -- TripleChangePostProcessor.log()
2015.01.16 16:20:38.852 BRT INFO: [TripleChangePostProcessor] Completed anonymous classes after 1 ms -- TripleChangePostProcessor.log()
2015.01.16 16:20:38.852 BRT INFO: [TripleChangePostProcessor] Completed deprecated classes after 0 ms -- TripleChangePostProcessor.log()
2015.01.16 16:20:38.859 BRT INFO: [TripleChangePostProcessor] Completed properties after 7 ms -- TripleChangePostProcessor.log()
2015.01.16 16:20:38.860 BRT INFO: [TripleChangePostProcessor] Completed named classes after 0 ms -- TripleChangePostProcessor.log()
2015.01.16 16:20:38.860 BRT INFO: ... Loading completed after 13 ms -- ProtegeOWLParser.loadTriples()
2015.01.16 16:20:38.890 BRT INFO: Loading triples -- ProtegeOWLParser.loadTriples()
2015.01.16 16:20:38.890 BRT INFO: Start processing ontology: http://dummy-ontologies.com/dummy.owl Time: Fri Jan 16 16:20:38 BRT 2015 -- ProtegeOWLParser.loadTriples()
2015.01.16 16:20:38.893 BRT INFO: [ProtegeOWLParser] Completed triple loading after 3 ms -- ProtegeOWLParser.loadTriples()
2015.01.16 16:20:38.895 BRT INFO: [TripleChangePostProcessor] Completed lists after 0 ms -- TripleChangePostProcessor.log()
2015.01.16 16:20:38.895 BRT INFO: [TripleChangePostProcessor] Completed anonymous classes after 0 ms -- TripleChangePostProcessor.log()
2015.01.16 16:20:38.896 BRT INFO: [TripleChangePostProcessor] Completed deprecated classes after 0 ms -- TripleChangePostProcessor.log()
2015.01.16 16:20:38.897 BRT INFO: [TripleChangePostProcessor] Completed properties after 0 ms -- TripleChangePostProcessor.log()
2015.01.16 16:20:38.897 BRT INFO: [TripleChangePostProcessor] Completed named classes after 0 ms -- TripleChangePostProcessor.log()
2015.01.16 16:20:38.898 BRT INFO: ... Loading completed after 8 ms -- ProtegeOWLParser.loadTriples()
2015.01.16 16:23:44.730 BRT INFO: *** SYSTEM START ***
2015.01.16 16:23:45.117 BRT INFO: Loading triples -- ProtegeOWLParser.loadTriples()
2015.01.16 16:23:45.126 BRT INFO: Start processing ontology: http://dummy-ontologies.com/dummy.owl Time: Fri Jan 16 16:23:45 BRT 2015 -- ProtegeOWLParser.loadTriples()
2015.01.16 16:23:45.141 BRT INFO: [ProtegeOWLParser] Completed triple loading after 16 ms -- ProtegeOWLParser.loadTriples()
2015.01.16 16:23:45.145 BRT INFO: [TripleChangePostProcessor] Completed lists after 0 ms -- TripleChangePostProcessor.log()
2015.01.16 16:23:45.147 BRT INFO: [TripleChangePostProcessor] Completed anonymous classes after 2 ms -- TripleChangePostProcessor.log()
2015.01.16 16:23:45.150 BRT INFO: [TripleChangePostProcessor] Completed deprecated classes after 2 ms -- TripleChangePostProcessor.log()
2015.01.16 16:23:45.170 BRT INFO: [TripleChangePostProcessor] Completed properties after 17 ms -- TripleChangePostProcessor.log()
2015.01.16 16:23:45.173 BRT INFO: [TripleChangePostProcessor] Completed named classes after 2 ms -- TripleChangePostProcessor.log()
2015.01.16 16:23:45.184 BRT INFO: ... Loading completed after 58 ms -- ProtegeOWLParser.loadTriples()
2015.01.16 16:23:45.242 BRT INFO: Loading triples -- ProtegeOWLParser.loadTriples()
2015.01.16 16:23:45.244 BRT INFO: Start processing ontology: http://dummy-ontologies.com/dummy.owl Time: Fri Jan 16 16:23:45 BRT 2015 -- ProtegeOWLParser.loadTriples()
2015.01.16 16:23:45.251 BRT INFO: [ProtegeOWLParser] Completed triple loading after 7 ms -- ProtegeOWLParser.loadTriples()
2015.01.16 16:23:45.253 BRT INFO: [TripleChangePostProcessor] Completed lists after 0 ms -- TripleChangePostProcessor.log()
2015.01.16 16:23:45.254 BRT INFO: [TripleChangePostProcessor] Completed anonymous classes after 0 ms -- TripleChangePostProcessor.log()
2015.01.16 16:23:45.254 BRT INFO: [TripleChangePostProcessor] Completed deprecated classes after 0 ms -- TripleChangePostProcessor.log()
2015.01.16 16:23:45.256 BRT INFO: [TripleChangePostProcessor] Completed properties after 1 ms -- TripleChangePostProcessor.log()
2015.01.16 16:23:45.256 BRT INFO: [TripleChangePostProcessor] Completed named classes after 0 ms -- TripleChangePostProcessor.log()
2015.01.16 16:23:45.257 BRT INFO: ... Loading completed after 13 ms -- ProtegeOWLParser.loadTriples()
2015.01.16 16:23:51.212 BRT INFO: Loading triples -- ProtegeOWLParser.loadTriples()
2015.01.16 16:23:51.212 BRT INFO: Start processing ontology: http://dummy-ontologies.com/dummy.owl Time: Fri Jan 16 16:23:51 BRT 2015 -- ProtegeOWLParser.loadTriples()
2015.01.16 16:23:51.218 BRT INFO: [ProtegeOWLParser] Completed triple loading after 6 ms -- ProtegeOWLParser.loadTriples()
2015.01.16 16:23:51.220 BRT INFO: [TripleChangePostProcessor] Completed lists after 0 ms -- TripleChangePostProcessor.log()
2015.01.16 16:23:51.221 BRT INFO: [TripleChangePostProcessor] Completed anonymous classes after 0 ms -- TripleChangePostProcessor.log()
2015.01.16 16:23:51.221 BRT INFO: [TripleChangePostProcessor] Completed deprecated classes after 0 ms -- TripleChangePostProcessor.log()
2015.01.16 16:23:51.224 BRT INFO: [TripleChangePostProcessor] Completed properties after 1 ms -- TripleChangePostProcessor.log()
2015.01.16 16:23:51.224 BRT INFO: [TripleChangePostProcessor] Completed named classes after 0 ms -- TripleChangePostProcessor.log()
2015.01.16 16:23:51.225 BRT INFO: ... Loading completed after 13 ms -- ProtegeOWLParser.loadTriples()
2015.01.16 16:23:51.260 BRT INFO: Loading triples -- ProtegeOWLParser.loadTriples()
2015.01.16 16:23:51.261 BRT INFO: Start processing ontology: http://dummy-ontologies.com/dummy.owl Time: Fri Jan 16 16:23:51 BRT 2015 -- ProtegeOWLParser.loadTriples()
2015.01.16 16:23:51.350 BRT INFO: [ProtegeOWLParser] Completed triple loading after 88 ms -- ProtegeOWLParser.loadTriples()
2015.01.16 16:23:51.352 BRT INFO: [TripleChangePostProcessor] Completed lists after 0 ms -- TripleChangePostProcessor.log()
2015.01.16 16:23:51.352 BRT INFO: [TripleChangePostProcessor] Completed anonymous classes after 0 ms -- TripleChangePostProcessor.log()
2015.01.16 16:23:51.352 BRT INFO: [TripleChangePostProcessor] Completed deprecated classes after 0 ms -- TripleChangePostProcessor.log()
2015.01.16 16:23:51.353 BRT INFO: [TripleChangePostProcessor] Completed properties after 1 ms -- TripleChangePostProcessor.log()
2015.01.16 16:23:51.353 BRT INFO: [TripleChangePostProcessor] Completed named classes after 0 ms -- TripleChangePostProcessor.log()
2015.01.16 16:23:51.354 BRT INFO: ... Loading completed after 93 ms -- ProtegeOWLParser.loadTriples()
2015.01.16 16:24:05.230 BRT INFO: Loading triples -- ProtegeOWLParser.loadTriples()
2015.01.16 16:24:05.230 BRT INFO: Start processing ontology: http://dummy-ontologies.com/dummy.owl Time: Fri Jan 16 16:24:05 BRT 2015 -- ProtegeOWLParser.loadTriples()
2015.01.16 16:24:05.234 BRT INFO: [ProtegeOWLParser] Completed triple loading after 4 ms -- ProtegeOWLParser.loadTriples()
2015.01.16 16:24:05.236 BRT INFO: [TripleChangePostProcessor] Completed lists after 0 ms -- TripleChangePostProcessor.log()
2015.01.16 16:24:05.236 BRT INFO: [TripleChangePostProcessor] Completed anonymous classes after 0 ms -- TripleChangePostProcessor.log()
2015.01.16 16:24:05.237 BRT INFO: [TripleChangePostProcessor] Completed deprecated classes after 0 ms -- TripleChangePostProcessor.log()
2015.01.16 16:24:05.238 BRT INFO: [TripleChangePostProcessor] Completed properties after 1 ms -- TripleChangePostProcessor.log()
2015.01.16 16:24:05.238 BRT INFO: [TripleChangePostProcessor] Completed named classes after 0 ms -- TripleChangePostProcessor.log()
2015.01.16 16:24:05.239 BRT INFO: ... Loading completed after 9 ms -- ProtegeOWLParser.loadTriples()
2015.01.16 16:24:05.273 BRT INFO: Loading triples -- ProtegeOWLParser.loadTriples()
2015.01.16 16:24:05.274 BRT INFO: Start processing ontology: http://dummy-ontologies.com/dummy.owl Time: Fri Jan 16 16:24:05 BRT 2015 -- ProtegeOWLParser.loadTriples()
2015.01.16 16:24:05.278 BRT INFO: [ProtegeOWLParser] Completed triple loading after 4 ms -- ProtegeOWLParser.loadTriples()
2015.01.16 16:24:05.279 BRT INFO: [TripleChangePostProcessor] Completed lists after 0 ms -- TripleChangePostProcessor.log()
2015.01.16 16:24:05.280 BRT INFO: [TripleChangePostProcessor] Completed anonymous classes after 1 ms -- TripleChangePostProcessor.log()
2015.01.16 16:24:05.280 BRT INFO: [TripleChangePostProcessor] Completed deprecated classes after 0 ms -- TripleChangePostProcessor.log()
2015.01.16 16:24:05.281 BRT INFO: [TripleChangePostProcessor] Completed properties after 1 ms -- TripleChangePostProcessor.log()
2015.01.16 16:24:05.281 BRT INFO: [TripleChangePostProcessor] Completed named classes after 0 ms -- TripleChangePostProcessor.log()
2015.01.16 16:24:05.281 BRT INFO: ... Loading completed after 7 ms -- ProtegeOWLParser.loadTriples()
